app/build/outputs/logs/manifest-merger-debug-report.txt
-- Merging decision tree log ---
manifest
ADDED from src/main/AndroidManifest.xml:2:1-39:12
	package
		ADDED from src/main/AndroidManifest.xml:3:5-44
		INJECTED from src/main/AndroidManifest.xml
		INJECTED from src/main/AndroidManifest.xml
	android:versionName
		ADDED from src/main/AndroidManifest.xml:5:5-41
		INJECTED from src/main/AndroidManifest.xml
		INJECTED from src/main/AndroidManifest.xml
	android:versionCode
		ADDED from src/main/AndroidManifest.xml:4:5-28
		INJECTED from src/main/AndroidManifest.xml
		INJECTED from src/main/AndroidManifest.xml
	xmlns:android
		ADDED from src/main/AndroidManifest.xml:2:11-69
uses-sdk
ADDED from src/main/AndroidManifest.xml:7:5-9:41
	android:targetSdkVersion
		ADDED from src/main/AndroidManifest.xml:9:9-38
		INJECTED from src/main/AndroidManifest.xml
		INJECTED from src/main/AndroidManifest.xml
	android:minSdkVersion
		ADDED from src/main/AndroidManifest.xml:8:9-34
		INJECTED from src/main/AndroidManifest.xml
		INJECTED from src/main/AndroidManifest.xml
uses-permission#android.permission.INTERNET
ADDED from src/main/AndroidManifest.xml:11:5-66
	android:name
		ADDED from src/main/AndroidManifest.xml:11:22-64
application
ADDED from src/main/AndroidManifest.xml:13:5-37:19
	android:label
		ADDED from src/main/AndroidManifest.xml:16:9-41
	android:allowBackup
		ADDED from src/main/AndroidManifest.xml:14:9-35
	android:icon
		ADDED from src/main/AndroidManifest.xml:15:9-45
	android:theme
		ADDED from src/main/AndroidManifest.xml:17:9-40
activity#com.ecs.android.sample.oauth2.IntroScreen
ADDED from src/main/AndroidManifest.xml:19:3-24:20
	android:label
		ADDED from src/main/AndroidManifest.xml:19:41-73
	android:name
		ADDED from src/main/AndroidManifest.xml:19:13-40
intent-filter#android.intent.action.MAIN+android.intent.category.LAUNCHER
ADDED from src/main/AndroidManifest.xml:20:13-23:29
action#android.intent.action.MAIN
ADDED from src/main/AndroidManifest.xml:21:17-69
	android:name
		ADDED from src/main/AndroidManifest.xml:21:25-66
category#android.intent.category.LAUNCHER
ADDED from src/main/AndroidManifest.xml:22:17-77
	android:name
		ADDED from src/main/AndroidManifest.xml:22:27-74
activity#com.ecs.android.sample.oauth2.MainScreen
ADDED from src/main/AndroidManifest.xml:26:3-74
	android:label
		ADDED from src/main/AndroidManifest.xml:26:40-72
	android:name
		ADDED from src/main/AndroidManifest.xml:26:13-39
activity#com.ecs.android.sample.oauth2.OAuthAccessTokenActivity
ADDED from src/main/AndroidManifest.xml:28:3-35:14
	android:launchMode
		ADDED from src/main/AndroidManifest.xml:28:54-85
	android:name
		ADDED from src/main/AndroidManifest.xml:28:13-53
intent-filter#android.intent.action.VIEW+android.intent.category.BROWSABLE+android.intent.category.DEFAULT
ADDED from src/main/AndroidManifest.xml:29:4-34:20
action#android.intent.action.VIEW
ADDED from src/main/AndroidManifest.xml:30:5-57
	android:name
		ADDED from src/main/AndroidManifest.xml:30:13-54
category#android.intent.category.DEFAULT
ADDED from src/main/AndroidManifest.xml:31:5-64
	android:name
		ADDED from src/main/AndroidManifest.xml:31:15-61
category#android.intent.category.BROWSABLE
ADDED from src/main/AndroidManifest.xml:32:5-66
	android:name
		ADDED from src/main/AndroidManifest.xml:32:15-63
data
ADDED from src/main/AndroidManifest.xml:33:5-61
	android:host
		ADDED from src/main/AndroidManifest.xml:33:33-57
	android:scheme
		ADDED from src/main/AndroidManifest.xml:33:11-32